<?xml version="1.0" encoding="UTF-8"?>
<!-- Generated by org.testng.reporters.JUnitXMLReporter -->
<testsuite ignored="2" hostname="LAPTOP-PMLN44G9" failures="0" tests="1" name="Test" time="0.064" errors="0" timestamp="2022-07-18T23:30:08 IST">
  <testcase classname="test_execution.Test_4" name="m1" time="0.012"/>
  <testcase classname="test_execution.Test_4" name="m3" time="0.0">
    <ignored/>
  </testcase> <!-- m3 -->
  <testcase classname="test_execution.Test_4" name="m2" time="0.0">
    <ignored/>
  </testcase> <!-- m2 -->
</testsuite> <!-- Test -->
