<?xml version="1.0" encoding="UTF-8"?>
<!-- Generated by org.testng.reporters.JUnitXMLReporter -->
<testsuite ignored="0" hostname="LAPTOP-PMLN44G9" failures="0" tests="3" name="Test_demo1" time="0.107" errors="0" timestamp="2022-07-18T09:29:14 IST">
  <testcase classname="test_execution.Test_2" name="Test1" time="0.02"/>
  <testcase classname="test_execution.Test_2" name="Test2" time="0.001"/>
  <testcase classname="test_execution.Test_2" name="Test3" time="0.002"/>
</testsuite> <!-- Test_demo1 -->
