<?xml version="1.0" encoding="UTF-8"?>
<testng-results ignored="0" total="2" passed="2" failed="0" skipped="0">
  <reporter-output>
  </reporter-output>
  <suite started-at="2022-07-28T16:29:19 IST" name="Suite" finished-at="2022-07-28T16:30:43 IST" duration-ms="83511">
    <groups>
    </groups>
    <test started-at="2022-07-28T16:29:19 IST" name="Test_Chrome" finished-at="2022-07-28T16:29:48 IST" duration-ms="28856">
      <class name="test_execution.Testcrossbrowser">
        <test-method is-config="true" signature="BM(java.lang.String)[pri:0, instance:test_execution.Testcrossbrowser@21de60b4]" started-at="2022-07-28T16:29:19 IST" name="BM" finished-at="2022-07-28T16:29:47 IST" duration-ms="27869" status="PASS">
          <params>
            <param index="0">
              <value>
                <![CDATA[Chrome]]>
              </value>
            </param>
          </params>
          <reporter-output>
          </reporter-output>
        </test-method> <!-- BM -->
        <test-method signature="m1()[pri:0, instance:test_execution.Testcrossbrowser@21de60b4]" started-at="2022-07-28T16:29:47 IST" name="m1" finished-at="2022-07-28T16:29:47 IST" duration-ms="59" status="PASS">
          <reporter-output>
          </reporter-output>
        </test-method> <!-- m1 -->
        <test-method is-config="true" signature="AM()[pri:0, instance:test_execution.Testcrossbrowser@21de60b4]" started-at="2022-07-28T16:29:47 IST" name="AM" finished-at="2022-07-28T16:29:48 IST" duration-ms="823" status="PASS">
          <reporter-output>
          </reporter-output>
        </test-method> <!-- AM -->
      </class> <!-- test_execution.Testcrossbrowser -->
    </test> <!-- Test_Chrome -->
    <test started-at="2022-07-28T16:29:49 IST" name="Test_Firefox" finished-at="2022-07-28T16:30:43 IST" duration-ms="54295">
      <class name="test_execution.Testcrossbrowser">
        <test-method is-config="true" signature="BM(java.lang.String)[pri:0, instance:test_execution.Testcrossbrowser@74e52303]" started-at="2022-07-28T16:29:49 IST" name="BM" finished-at="2022-07-28T16:30:34 IST" duration-ms="45694" status="PASS">
          <params>
            <param index="0">
              <value>
                <![CDATA[Firefox]]>
              </value>
            </param>
          </params>
          <reporter-output>
          </reporter-output>
        </test-method> <!-- BM -->
        <test-method signature="m1()[pri:0, instance:test_execution.Testcrossbrowser@74e52303]" started-at="2022-07-28T16:30:34 IST" name="m1" finished-at="2022-07-28T16:30:34 IST" duration-ms="2" status="PASS">
          <reporter-output>
          </reporter-output>
        </test-method> <!-- m1 -->
        <test-method is-config="true" signature="AM()[pri:0, instance:test_execution.Testcrossbrowser@74e52303]" started-at="2022-07-28T16:30:34 IST" name="AM" finished-at="2022-07-28T16:30:43 IST" duration-ms="8593" status="PASS">
          <reporter-output>
          </reporter-output>
        </test-method> <!-- AM -->
      </class> <!-- test_execution.Testcrossbrowser -->
    </test> <!-- Test_Firefox -->
  </suite> <!-- Suite -->
</testng-results>
