<?xml version="1.0" encoding="UTF-8"?>
<!-- Generated by org.testng.reporters.JUnitXMLReporter -->
<testsuite ignored="1" hostname="LAPTOP-PMLN44G9" failures="1" tests="10" name="Test3" time="42.351" errors="0" timestamp="2022-07-18T09:59:48 IST">
  <testcase classname="test_execution.Test_3" name="m3" time="0.016">
    <failure type="java.lang.AssertionError" message="expected [true] but found [false]">
      <![CDATA[java.lang.AssertionError: expected [true] but found [false]
at test_execution.Test_3.m3(Test_3.java:25)
at java.base/java.util.ArrayList.forEach(ArrayList.java:1511)
... Removed 29 stack frames]]>
    </failure>
  </testcase> <!-- m3 -->
  <testcase classname="test_execution.Test_3" name="m4" time="0.0">
    <skipped/>
  </testcase> <!-- m4 -->
  <testcase classname="test_execution.Test_3" name="m1" time="0.003"/>
  <testcase classname="test_execution.Test_3" name="m1" time="0.002"/>
  <testcase classname="test_execution.Test_2" name="Test1" time="0.003"/>
  <testcase classname="test_execution.Test_2" name="Test2" time="0.005"/>
  <testcase classname="test_execution.Test_2" name="Test3" time="0.004"/>
  <testcase classname="test_execution.Test_1" name="Test_2" time="0.512"/>
  <testcase classname="test_execution.Test_1" name="Test_3" time="3.443"/>
  <testcase classname="test_execution.Test_1" name="Text_4" time="2.046"/>
  <testcase classname="test_execution.Test_3" name="m2" time="0.0">
    <ignored/>
  </testcase> <!-- m2 -->
</testsuite> <!-- Test3 -->
